<?xml version="1.0" encoding="UTF-8"?>
<!-- Generated by org.testng.reporters.JUnitReportReporter -->
<testsuite hostname="CISPL-IO-391.local" failures="0" tests="2" name="Test.BaseTestPanorama" time="41.013" errors="0" timestamp="2023-09-26T19:57:53 IST" skipped="0">
  <testcase classname="Test.BaseTestPanorama" name="andAndSearchCategories" time="40.072"/>
  <testcase classname="Test.BaseTestPanorama" name="categoryPagignation" time="0.941"/>
</testsuite> <!-- Test.BaseTestPanorama -->
